<?xml version="1.0" encoding="UTF-8"?>
<testng-results skipped="0" failed="0" ignored="0" total="1" passed="1">
  <reporter-output>
  </reporter-output>
  <suite name="Default suite" duration-ms="4158" started-at="2019-02-28T11:25:29Z" finished-at="2019-02-28T11:25:34Z">
    <groups>
    </groups>
    <test name="Default test" duration-ms="4158" started-at="2019-02-28T11:25:29Z" finished-at="2019-02-28T11:25:34Z">
      <class name="test.api.automation.GoogleApiForGETRequest">
        <test-method status="PASS" signature="tc_001_getMethod_googleApi()[pri:0, instance:test.api.automation.GoogleApiForGETRequest@6eebc39e]" name="tc_001_getMethod_googleApi" duration-ms="4137" started-at="2019-02-28T11:25:29Z" finished-at="2019-02-28T11:25:34Z">
          <reporter-output>
          </reporter-output>
        </test-method> <!-- tc_001_getMethod_googleApi -->
      </class> <!-- test.api.automation.GoogleApiForGETRequest -->
    </test> <!-- Default test -->
  </suite> <!-- Default suite -->
</testng-results>
